[2025-01-04 16:42:48] [INFO] Initializing parcels...
[2025-01-04 16:42:48] [INFO] Successfully loaded parcel: 'X020'
[2025-01-04 16:42:48] [INFO] Successfully loaded parcel: 'X025'
[2025-01-04 16:42:48] [INFO] Successfully loaded parcel: 'X036'
[2025-01-04 16:42:48] [INFO] Successfully loaded parcel: 'X064'
[2025-01-04 16:42:48] [INFO] Successfully loaded parcel: 'X086'
[2025-01-04 16:42:48] [INFO] Successfully loaded parcel: 'X121'
[2025-01-04 16:42:48] [INFO] Successfully loaded parcel: 'X198'
[2025-01-04 16:42:48] [INFO] Successfully loaded parcel: 'X213'
[2025-01-04 16:42:48] [INFO] Successfully loaded parcel: 'X214'
[2025-01-04 16:42:48] [INFO] Successfully loaded parcel: 'X278'
[2025-01-04 16:42:48] [INFO] Successfully loaded parcel: 'X285'
[2025-01-04 16:42:48] [INFO] Successfully loaded parcel: 'X309'
[2025-01-04 16:42:48] [INFO] Successfully loaded parcel: 'X316'
[2025-01-04 16:42:48] [INFO] Successfully loaded parcel: 'X386'
[2025-01-04 16:42:48] [INFO] Successfully loaded parcel: 'X475'
[2025-01-04 16:42:48] [INFO] Successfully loaded parcel: 'X507'
[2025-01-04 16:42:48] [INFO] Successfully loaded parcel: 'X521'
[2025-01-04 16:42:48] [INFO] Successfully loaded parcel: 'X540'
[2025-01-04 16:42:48] [INFO] Successfully loaded parcel: 'X552'
[2025-01-04 16:42:48] [INFO] Successfully loaded parcel: 'X606'
[2025-01-04 16:42:48] [INFO] Successfully loaded parcel: 'X682'
[2025-01-04 16:42:48] [INFO] Successfully loaded parcel: 'X720'
[2025-01-04 16:42:48] [INFO] Successfully loaded parcel: 'X733'
[2025-01-04 16:42:48] [INFO] Successfully loaded parcel: 'X746'
[2025-01-04 16:42:48] [INFO] Successfully loaded parcel: 'X780'
[2025-01-04 16:42:48] [INFO] Successfully loaded parcel: 'X782'
[2025-01-04 16:42:48] [INFO] Successfully loaded parcel: 'X857'
[2025-01-04 16:42:48] [INFO] Successfully loaded parcel: 'X904'
[2025-01-04 16:42:48] [INFO] Successfully loaded parcel: 'X919'
[2025-01-04 16:42:48] [INFO] Total parcels loaded: 29
[2025-01-04 16:42:48] [INFO] Initializing customers...
[2025-01-04 16:42:48] [INFO] Added customer: 'Andrew Robertson' with parcel ID: 'X919'
[2025-01-04 16:42:48] [INFO] Added customer: 'Ann Jones' with parcel ID: 'X064'
[2025-01-04 16:42:48] [INFO] Added customer: 'Blair Foster' with parcel ID: 'X682'
[2025-01-04 16:42:48] [INFO] Added customer: 'Bob Dawson' with parcel ID: 'X780'
[2025-01-04 16:42:48] [INFO] Added customer: 'Chris Smith' with parcel ID: 'X782'
[2025-01-04 16:42:48] [INFO] Added customer: 'Dave Jackson' with parcel ID: 'X316'
[2025-01-04 16:42:48] [INFO] Added customer: 'David Hunter' with parcel ID: 'X278'
[2025-01-04 16:42:48] [INFO] Added customer: 'Donald Murray' with parcel ID: 'X720'
[2025-01-04 16:42:48] [INFO] Added customer: 'Fiona Thoms' with parcel ID: 'X475'
[2025-01-04 16:42:48] [INFO] Added customer: 'Gillian Hamilton' with parcel ID: 'X386'
[2025-01-04 16:42:48] [INFO] Added customer: 'Harry Johnston' with parcel ID: 'X857'
[2025-01-04 16:42:48] [INFO] Added customer: 'Helen Webster' with parcel ID: 'X309'
[2025-01-04 16:42:48] [INFO] Added customer: 'Jack Houston' with parcel ID: 'X733'
[2025-01-04 16:42:48] [INFO] Added customer: 'Jo Hill' with parcel ID: 'X285'
[2025-01-04 16:42:48] [INFO] Added customer: 'Joe Woods' with parcel ID: 'X213'
[2025-01-04 16:42:48] [INFO] Added customer: 'John Brown' with parcel ID: 'X009'
[2025-01-04 16:42:48] [INFO] Added customer: 'Judy Hilman' with parcel ID: 'X904'
[2025-01-04 16:42:48] [INFO] Added customer: 'Keith Burns' with parcel ID: 'X552'
[2025-01-04 16:42:48] [INFO] Added customer: 'Lily Watson' with parcel ID: 'X121'
[2025-01-04 16:42:48] [INFO] Added customer: 'Lucy Grey' with parcel ID: 'X025'
[2025-01-04 16:42:48] [INFO] Added customer: 'Mary Brown' with parcel ID: 'X198'
[2025-01-04 16:42:48] [INFO] Added customer: 'Pamela Field' with parcel ID: 'X521'
[2025-01-04 16:42:48] [INFO] Added customer: 'Peter White' with parcel ID: 'X036'
[2025-01-04 16:42:48] [INFO] Added customer: 'Robert Murray' with parcel ID: 'X606'
[2025-01-04 16:42:48] [INFO] Added customer: 'Susan Turner' with parcel ID: 'X214'
[2025-01-04 16:42:48] [INFO] Added customer: 'Thomas Young' with parcel ID: 'X507'
[2025-01-04 16:42:48] [INFO] Added customer: 'Tim Smith' with parcel ID: 'X020'
[2025-01-04 16:42:48] [INFO] Added customer: 'Tony Lawson' with parcel ID: 'X086'
[2025-01-04 16:42:48] [INFO] Added customer: 'Ursula Milton' with parcel ID: 'X746'
[2025-01-04 16:42:48] [INFO] Added customer: 'Viola Nicholson' with parcel ID: 'X540'
[2025-01-04 16:42:48] [INFO] Total customers loaded: 30
[2025-01-04 16:42:53] [INFO] Parcel collected: X919
[2025-01-04 16:45:14] [INFO] Initializing parcels...
[2025-01-04 16:45:14] [INFO] Successfully loaded parcel: 'X020'
[2025-01-04 16:45:14] [INFO] Successfully loaded parcel: 'X025'
[2025-01-04 16:45:14] [INFO] Successfully loaded parcel: 'X036'
[2025-01-04 16:45:14] [INFO] Successfully loaded parcel: 'X064'
[2025-01-04 16:45:14] [INFO] Successfully loaded parcel: 'X086'
[2025-01-04 16:45:14] [INFO] Successfully loaded parcel: 'X121'
[2025-01-04 16:45:14] [INFO] Successfully loaded parcel: 'X198'
[2025-01-04 16:45:14] [INFO] Successfully loaded parcel: 'X213'
[2025-01-04 16:45:14] [INFO] Successfully loaded parcel: 'X214'
[2025-01-04 16:45:14] [INFO] Successfully loaded parcel: 'X278'
[2025-01-04 16:45:14] [INFO] Successfully loaded parcel: 'X285'
[2025-01-04 16:45:14] [INFO] Successfully loaded parcel: 'X309'
[2025-01-04 16:45:14] [INFO] Successfully loaded parcel: 'X316'
[2025-01-04 16:45:14] [INFO] Successfully loaded parcel: 'X386'
[2025-01-04 16:45:14] [INFO] Successfully loaded parcel: 'X475'
[2025-01-04 16:45:14] [INFO] Successfully loaded parcel: 'X507'
[2025-01-04 16:45:14] [INFO] Successfully loaded parcel: 'X521'
[2025-01-04 16:45:14] [INFO] Successfully loaded parcel: 'X540'
[2025-01-04 16:45:14] [INFO] Successfully loaded parcel: 'X552'
[2025-01-04 16:45:14] [INFO] Successfully loaded parcel: 'X606'
[2025-01-04 16:45:14] [INFO] Successfully loaded parcel: 'X682'
[2025-01-04 16:45:14] [INFO] Successfully loaded parcel: 'X720'
[2025-01-04 16:45:14] [INFO] Successfully loaded parcel: 'X733'
[2025-01-04 16:45:14] [INFO] Successfully loaded parcel: 'X746'
[2025-01-04 16:45:14] [INFO] Successfully loaded parcel: 'X780'
[2025-01-04 16:45:14] [INFO] Successfully loaded parcel: 'X782'
[2025-01-04 16:45:14] [INFO] Successfully loaded parcel: 'X857'
[2025-01-04 16:45:14] [INFO] Successfully loaded parcel: 'X904'
[2025-01-04 16:45:14] [INFO] Successfully loaded parcel: 'X919'
[2025-01-04 16:45:14] [INFO] Total parcels loaded: 29
[2025-01-04 16:45:14] [INFO] Initializing customers...
[2025-01-04 16:45:14] [INFO] Added customer: 'Andrew Robertson' with parcel ID: 'X919'
[2025-01-04 16:45:14] [INFO] Added customer: 'Ann Jones' with parcel ID: 'X064'
[2025-01-04 16:45:14] [INFO] Added customer: 'Blair Foster' with parcel ID: 'X682'
[2025-01-04 16:45:14] [INFO] Added customer: 'Bob Dawson' with parcel ID: 'X780'
[2025-01-04 16:45:14] [INFO] Added customer: 'Chris Smith' with parcel ID: 'X782'
[2025-01-04 16:45:14] [INFO] Added customer: 'Dave Jackson' with parcel ID: 'X316'
[2025-01-04 16:45:14] [INFO] Added customer: 'David Hunter' with parcel ID: 'X278'
[2025-01-04 16:45:14] [INFO] Added customer: 'Donald Murray' with parcel ID: 'X720'
[2025-01-04 16:45:14] [INFO] Added customer: 'Fiona Thoms' with parcel ID: 'X475'
[2025-01-04 16:45:14] [INFO] Added customer: 'Gillian Hamilton' with parcel ID: 'X386'
[2025-01-04 16:45:14] [INFO] Added customer: 'Harry Johnston' with parcel ID: 'X857'
[2025-01-04 16:45:14] [INFO] Added customer: 'Helen Webster' with parcel ID: 'X309'
[2025-01-04 16:45:14] [INFO] Added customer: 'Jack Houston' with parcel ID: 'X733'
[2025-01-04 16:45:14] [INFO] Added customer: 'Jo Hill' with parcel ID: 'X285'
[2025-01-04 16:45:14] [INFO] Added customer: 'Joe Woods' with parcel ID: 'X213'
[2025-01-04 16:45:14] [INFO] Added customer: 'John Brown' with parcel ID: 'X009'
[2025-01-04 16:45:14] [INFO] Added customer: 'Judy Hilman' with parcel ID: 'X904'
[2025-01-04 16:45:14] [INFO] Added customer: 'Keith Burns' with parcel ID: 'X552'
[2025-01-04 16:45:14] [INFO] Added customer: 'Lily Watson' with parcel ID: 'X121'
[2025-01-04 16:45:14] [INFO] Added customer: 'Lucy Grey' with parcel ID: 'X025'
[2025-01-04 16:45:14] [INFO] Added customer: 'Mary Brown' with parcel ID: 'X198'
[2025-01-04 16:45:14] [INFO] Added customer: 'Pamela Field' with parcel ID: 'X521'
[2025-01-04 16:45:14] [INFO] Added customer: 'Peter White' with parcel ID: 'X036'
[2025-01-04 16:45:14] [INFO] Added customer: 'Robert Murray' with parcel ID: 'X606'
[2025-01-04 16:45:14] [INFO] Added customer: 'Susan Turner' with parcel ID: 'X214'
[2025-01-04 16:45:14] [INFO] Added customer: 'Thomas Young' with parcel ID: 'X507'
[2025-01-04 16:45:14] [INFO] Added customer: 'Tim Smith' with parcel ID: 'X020'
[2025-01-04 16:45:14] [INFO] Added customer: 'Tony Lawson' with parcel ID: 'X086'
[2025-01-04 16:45:14] [INFO] Added customer: 'Ursula Milton' with parcel ID: 'X746'
[2025-01-04 16:45:14] [INFO] Added customer: 'Viola Nicholson' with parcel ID: 'X540'
[2025-01-04 16:45:14] [INFO] Total customers loaded: 30
[2025-01-04 16:45:19] [INFO] Parcel collected: X919
[2025-01-04 16:45:23] [INFO] Parcel moved to waiting list: X064
[2025-01-04 16:48:08] [INFO] Initializing parcels...
[2025-01-04 16:48:08] [INFO] Successfully loaded parcel: 'X020'
[2025-01-04 16:48:08] [INFO] Successfully loaded parcel: 'X025'
[2025-01-04 16:48:08] [INFO] Successfully loaded parcel: 'X036'
[2025-01-04 16:48:08] [INFO] Successfully loaded parcel: 'X064'
[2025-01-04 16:48:08] [INFO] Successfully loaded parcel: 'X086'
[2025-01-04 16:48:08] [INFO] Successfully loaded parcel: 'X121'
[2025-01-04 16:48:08] [INFO] Successfully loaded parcel: 'X198'
[2025-01-04 16:48:08] [INFO] Successfully loaded parcel: 'X213'
[2025-01-04 16:48:08] [INFO] Successfully loaded parcel: 'X214'
[2025-01-04 16:48:08] [INFO] Successfully loaded parcel: 'X278'
[2025-01-04 16:48:08] [INFO] Successfully loaded parcel: 'X285'
[2025-01-04 16:48:08] [INFO] Successfully loaded parcel: 'X309'
[2025-01-04 16:48:08] [INFO] Successfully loaded parcel: 'X316'
[2025-01-04 16:48:08] [INFO] Successfully loaded parcel: 'X386'
[2025-01-04 16:48:08] [INFO] Successfully loaded parcel: 'X475'
[2025-01-04 16:48:08] [INFO] Successfully loaded parcel: 'X507'
[2025-01-04 16:48:08] [INFO] Successfully loaded parcel: 'X521'
[2025-01-04 16:48:08] [INFO] Successfully loaded parcel: 'X540'
[2025-01-04 16:48:08] [INFO] Successfully loaded parcel: 'X552'
[2025-01-04 16:48:08] [INFO] Successfully loaded parcel: 'X606'
[2025-01-04 16:48:08] [INFO] Successfully loaded parcel: 'X682'
[2025-01-04 16:48:08] [INFO] Successfully loaded parcel: 'X720'
[2025-01-04 16:48:08] [INFO] Successfully loaded parcel: 'X733'
[2025-01-04 16:48:08] [INFO] Successfully loaded parcel: 'X746'
[2025-01-04 16:48:08] [INFO] Successfully loaded parcel: 'X780'
[2025-01-04 16:48:08] [INFO] Successfully loaded parcel: 'X782'
[2025-01-04 16:48:08] [INFO] Successfully loaded parcel: 'X857'
[2025-01-04 16:48:08] [INFO] Successfully loaded parcel: 'X904'
[2025-01-04 16:48:08] [INFO] Successfully loaded parcel: 'X919'
[2025-01-04 16:48:08] [INFO] Total parcels loaded: 29
[2025-01-04 16:48:08] [INFO] Initializing customers...
[2025-01-04 16:48:08] [INFO] Added customer: 'Andrew Robertson' with parcel ID: 'X919'
[2025-01-04 16:48:08] [INFO] Added customer: 'Ann Jones' with parcel ID: 'X064'
[2025-01-04 16:48:08] [INFO] Added customer: 'Blair Foster' with parcel ID: 'X682'
[2025-01-04 16:48:08] [INFO] Added customer: 'Bob Dawson' with parcel ID: 'X780'
[2025-01-04 16:48:08] [INFO] Added customer: 'Chris Smith' with parcel ID: 'X782'
[2025-01-04 16:48:08] [INFO] Added customer: 'Dave Jackson' with parcel ID: 'X316'
[2025-01-04 16:48:08] [INFO] Added customer: 'David Hunter' with parcel ID: 'X278'
[2025-01-04 16:48:08] [INFO] Added customer: 'Donald Murray' with parcel ID: 'X720'
[2025-01-04 16:48:08] [INFO] Added customer: 'Fiona Thoms' with parcel ID: 'X475'
[2025-01-04 16:48:08] [INFO] Added customer: 'Gillian Hamilton' with parcel ID: 'X386'
[2025-01-04 16:48:08] [INFO] Added customer: 'Harry Johnston' with parcel ID: 'X857'
[2025-01-04 16:48:08] [INFO] Added customer: 'Helen Webster' with parcel ID: 'X309'
[2025-01-04 16:48:08] [INFO] Added customer: 'Jack Houston' with parcel ID: 'X733'
[2025-01-04 16:48:08] [INFO] Added customer: 'Jo Hill' with parcel ID: 'X285'
[2025-01-04 16:48:08] [INFO] Added customer: 'Joe Woods' with parcel ID: 'X213'
[2025-01-04 16:48:08] [INFO] Added customer: 'John Brown' with parcel ID: 'X009'
[2025-01-04 16:48:08] [INFO] Added customer: 'Judy Hilman' with parcel ID: 'X904'
[2025-01-04 16:48:08] [INFO] Added customer: 'Keith Burns' with parcel ID: 'X552'
[2025-01-04 16:48:08] [INFO] Added customer: 'Lily Watson' with parcel ID: 'X121'
[2025-01-04 16:48:08] [INFO] Added customer: 'Lucy Grey' with parcel ID: 'X025'
[2025-01-04 16:48:08] [INFO] Added customer: 'Mary Brown' with parcel ID: 'X198'
[2025-01-04 16:48:08] [INFO] Added customer: 'Pamela Field' with parcel ID: 'X521'
[2025-01-04 16:48:08] [INFO] Added customer: 'Peter White' with parcel ID: 'X036'
[2025-01-04 16:48:08] [INFO] Added customer: 'Robert Murray' with parcel ID: 'X606'
[2025-01-04 16:48:08] [INFO] Added customer: 'Susan Turner' with parcel ID: 'X214'
[2025-01-04 16:48:08] [INFO] Added customer: 'Thomas Young' with parcel ID: 'X507'
[2025-01-04 16:48:08] [INFO] Added customer: 'Tim Smith' with parcel ID: 'X020'
[2025-01-04 16:48:08] [INFO] Added customer: 'Tony Lawson' with parcel ID: 'X086'
[2025-01-04 16:48:08] [INFO] Added customer: 'Ursula Milton' with parcel ID: 'X746'
[2025-01-04 16:48:08] [INFO] Added customer: 'Viola Nicholson' with parcel ID: 'X540'
[2025-01-04 16:48:08] [INFO] Total customers loaded: 30
[2025-01-04 16:49:38] [INFO] Initializing parcels...
[2025-01-04 16:49:38] [INFO] Successfully loaded parcel: 'X020'
[2025-01-04 16:49:38] [INFO] Successfully loaded parcel: 'X025'
[2025-01-04 16:49:38] [INFO] Successfully loaded parcel: 'X036'
[2025-01-04 16:49:38] [INFO] Successfully loaded parcel: 'X064'
[2025-01-04 16:49:38] [INFO] Successfully loaded parcel: 'X086'
[2025-01-04 16:49:38] [INFO] Successfully loaded parcel: 'X121'
[2025-01-04 16:49:38] [INFO] Successfully loaded parcel: 'X198'
[2025-01-04 16:49:38] [INFO] Successfully loaded parcel: 'X213'
[2025-01-04 16:49:38] [INFO] Successfully loaded parcel: 'X214'
[2025-01-04 16:49:38] [INFO] Successfully loaded parcel: 'X278'
[2025-01-04 16:49:38] [INFO] Successfully loaded parcel: 'X285'
[2025-01-04 16:49:38] [INFO] Successfully loaded parcel: 'X309'
[2025-01-04 16:49:38] [INFO] Successfully loaded parcel: 'X316'
[2025-01-04 16:49:38] [INFO] Successfully loaded parcel: 'X386'
[2025-01-04 16:49:38] [INFO] Successfully loaded parcel: 'X475'
[2025-01-04 16:49:38] [INFO] Successfully loaded parcel: 'X507'
[2025-01-04 16:49:38] [INFO] Successfully loaded parcel: 'X521'
[2025-01-04 16:49:38] [INFO] Successfully loaded parcel: 'X540'
[2025-01-04 16:49:38] [INFO] Successfully loaded parcel: 'X552'
[2025-01-04 16:49:38] [INFO] Successfully loaded parcel: 'X606'
[2025-01-04 16:49:38] [INFO] Successfully loaded parcel: 'X682'
[2025-01-04 16:49:38] [INFO] Successfully loaded parcel: 'X720'
[2025-01-04 16:49:38] [INFO] Successfully loaded parcel: 'X733'
[2025-01-04 16:49:38] [INFO] Successfully loaded parcel: 'X746'
[2025-01-04 16:49:38] [INFO] Successfully loaded parcel: 'X780'
[2025-01-04 16:49:38] [INFO] Successfully loaded parcel: 'X782'
[2025-01-04 16:49:38] [INFO] Successfully loaded parcel: 'X857'
[2025-01-04 16:49:38] [INFO] Successfully loaded parcel: 'X904'
[2025-01-04 16:49:38] [INFO] Successfully loaded parcel: 'X919'
[2025-01-04 16:49:38] [INFO] Total parcels loaded: 29
[2025-01-04 16:49:38] [INFO] Initializing customers...
[2025-01-04 16:49:38] [INFO] Added customer: 'Andrew Robertson' with parcel ID: 'X919'
[2025-01-04 16:49:38] [INFO] Added customer: 'Ann Jones' with parcel ID: 'X064'
[2025-01-04 16:49:38] [INFO] Added customer: 'Blair Foster' with parcel ID: 'X682'
[2025-01-04 16:49:38] [INFO] Added customer: 'Bob Dawson' with parcel ID: 'X780'
[2025-01-04 16:49:38] [INFO] Added customer: 'Chris Smith' with parcel ID: 'X782'
[2025-01-04 16:49:38] [INFO] Added customer: 'Dave Jackson' with parcel ID: 'X316'
[2025-01-04 16:49:38] [INFO] Added customer: 'David Hunter' with parcel ID: 'X278'
[2025-01-04 16:49:38] [INFO] Added customer: 'Donald Murray' with parcel ID: 'X720'
[2025-01-04 16:49:38] [INFO] Added customer: 'Fiona Thoms' with parcel ID: 'X475'
[2025-01-04 16:49:38] [INFO] Added customer: 'Gillian Hamilton' with parcel ID: 'X386'
[2025-01-04 16:49:38] [INFO] Added customer: 'Harry Johnston' with parcel ID: 'X857'
[2025-01-04 16:49:38] [INFO] Added customer: 'Helen Webster' with parcel ID: 'X309'
[2025-01-04 16:49:38] [INFO] Added customer: 'Jack Houston' with parcel ID: 'X733'
[2025-01-04 16:49:38] [INFO] Added customer: 'Jo Hill' with parcel ID: 'X285'
[2025-01-04 16:49:38] [INFO] Added customer: 'Joe Woods' with parcel ID: 'X213'
[2025-01-04 16:49:38] [INFO] Added customer: 'John Brown' with parcel ID: 'X009'
[2025-01-04 16:49:38] [INFO] Added customer: 'Judy Hilman' with parcel ID: 'X904'
[2025-01-04 16:49:38] [INFO] Added customer: 'Keith Burns' with parcel ID: 'X552'
[2025-01-04 16:49:38] [INFO] Added customer: 'Lily Watson' with parcel ID: 'X121'
[2025-01-04 16:49:38] [INFO] Added customer: 'Lucy Grey' with parcel ID: 'X025'
[2025-01-04 16:49:38] [INFO] Added customer: 'Mary Brown' with parcel ID: 'X198'
[2025-01-04 16:49:38] [INFO] Added customer: 'Pamela Field' with parcel ID: 'X521'
[2025-01-04 16:49:38] [INFO] Added customer: 'Peter White' with parcel ID: 'X036'
[2025-01-04 16:49:38] [INFO] Added customer: 'Robert Murray' with parcel ID: 'X606'
[2025-01-04 16:49:38] [INFO] Added customer: 'Susan Turner' with parcel ID: 'X214'
[2025-01-04 16:49:38] [INFO] Added customer: 'Thomas Young' with parcel ID: 'X507'
[2025-01-04 16:49:38] [INFO] Added customer: 'Tim Smith' with parcel ID: 'X020'
[2025-01-04 16:49:38] [INFO] Added customer: 'Tony Lawson' with parcel ID: 'X086'
[2025-01-04 16:49:38] [INFO] Added customer: 'Ursula Milton' with parcel ID: 'X746'
[2025-01-04 16:49:38] [INFO] Added customer: 'Viola Nicholson' with parcel ID: 'X540'
[2025-01-04 16:49:38] [INFO] Total customers loaded: 30
[2025-01-04 16:52:29] [INFO] Initializing parcels...
[2025-01-04 16:52:29] [INFO] Successfully loaded parcel: 'X020'
[2025-01-04 16:52:29] [INFO] Successfully loaded parcel: 'X025'
[2025-01-04 16:52:29] [INFO] Successfully loaded parcel: 'X036'
[2025-01-04 16:52:29] [INFO] Successfully loaded parcel: 'X064'
[2025-01-04 16:52:29] [INFO] Successfully loaded parcel: 'X086'
[2025-01-04 16:52:29] [INFO] Successfully loaded parcel: 'X121'
[2025-01-04 16:52:29] [INFO] Successfully loaded parcel: 'X198'
[2025-01-04 16:52:29] [INFO] Successfully loaded parcel: 'X213'
[2025-01-04 16:52:29] [INFO] Successfully loaded parcel: 'X214'
[2025-01-04 16:52:29] [INFO] Successfully loaded parcel: 'X278'
[2025-01-04 16:52:29] [INFO] Successfully loaded parcel: 'X285'
[2025-01-04 16:52:29] [INFO] Successfully loaded parcel: 'X309'
[2025-01-04 16:52:29] [INFO] Successfully loaded parcel: 'X316'
[2025-01-04 16:52:29] [INFO] Successfully loaded parcel: 'X386'
[2025-01-04 16:52:29] [INFO] Successfully loaded parcel: 'X475'
[2025-01-04 16:52:29] [INFO] Successfully loaded parcel: 'X507'
[2025-01-04 16:52:29] [INFO] Successfully loaded parcel: 'X521'
[2025-01-04 16:52:29] [INFO] Successfully loaded parcel: 'X540'
[2025-01-04 16:52:29] [INFO] Successfully loaded parcel: 'X552'
[2025-01-04 16:52:29] [INFO] Successfully loaded parcel: 'X606'
[2025-01-04 16:52:29] [INFO] Successfully loaded parcel: 'X682'
[2025-01-04 16:52:29] [INFO] Successfully loaded parcel: 'X720'
[2025-01-04 16:52:29] [INFO] Successfully loaded parcel: 'X733'
[2025-01-04 16:52:29] [INFO] Successfully loaded parcel: 'X746'
[2025-01-04 16:52:29] [INFO] Successfully loaded parcel: 'X780'
[2025-01-04 16:52:29] [INFO] Successfully loaded parcel: 'X782'
[2025-01-04 16:52:29] [INFO] Successfully loaded parcel: 'X857'
[2025-01-04 16:52:29] [INFO] Successfully loaded parcel: 'X904'
[2025-01-04 16:52:29] [INFO] Successfully loaded parcel: 'X919'
[2025-01-04 16:52:29] [INFO] Total parcels loaded: 29
[2025-01-04 16:52:29] [INFO] Initializing customers...
[2025-01-04 16:52:29] [INFO] Added customer: 'Andrew Robertson' with parcel ID: 'X919'
[2025-01-04 16:52:29] [INFO] Added customer: 'Ann Jones' with parcel ID: 'X064'
[2025-01-04 16:52:29] [INFO] Added customer: 'Blair Foster' with parcel ID: 'X682'
[2025-01-04 16:52:29] [INFO] Added customer: 'Bob Dawson' with parcel ID: 'X780'
[2025-01-04 16:52:29] [INFO] Added customer: 'Chris Smith' with parcel ID: 'X782'
[2025-01-04 16:52:29] [INFO] Added customer: 'Dave Jackson' with parcel ID: 'X316'
[2025-01-04 16:52:29] [INFO] Added customer: 'David Hunter' with parcel ID: 'X278'
[2025-01-04 16:52:29] [INFO] Added customer: 'Donald Murray' with parcel ID: 'X720'
[2025-01-04 16:52:29] [INFO] Added customer: 'Fiona Thoms' with parcel ID: 'X475'
[2025-01-04 16:52:29] [INFO] Added customer: 'Gillian Hamilton' with parcel ID: 'X386'
[2025-01-04 16:52:29] [INFO] Added customer: 'Harry Johnston' with parcel ID: 'X857'
[2025-01-04 16:52:29] [INFO] Added customer: 'Helen Webster' with parcel ID: 'X309'
[2025-01-04 16:52:29] [INFO] Added customer: 'Jack Houston' with parcel ID: 'X733'
[2025-01-04 16:52:29] [INFO] Added customer: 'Jo Hill' with parcel ID: 'X285'
[2025-01-04 16:52:29] [INFO] Added customer: 'Joe Woods' with parcel ID: 'X213'
[2025-01-04 16:52:29] [INFO] Added customer: 'John Brown' with parcel ID: 'X009'
[2025-01-04 16:52:29] [INFO] Added customer: 'Judy Hilman' with parcel ID: 'X904'
[2025-01-04 16:52:29] [INFO] Added customer: 'Keith Burns' with parcel ID: 'X552'
[2025-01-04 16:52:29] [INFO] Added customer: 'Lily Watson' with parcel ID: 'X121'
[2025-01-04 16:52:29] [INFO] Added customer: 'Lucy Grey' with parcel ID: 'X025'
[2025-01-04 16:52:29] [INFO] Added customer: 'Mary Brown' with parcel ID: 'X198'
[2025-01-04 16:52:29] [INFO] Added customer: 'Pamela Field' with parcel ID: 'X521'
[2025-01-04 16:52:29] [INFO] Added customer: 'Peter White' with parcel ID: 'X036'
[2025-01-04 16:52:29] [INFO] Added customer: 'Robert Murray' with parcel ID: 'X606'
[2025-01-04 16:52:29] [INFO] Added customer: 'Susan Turner' with parcel ID: 'X214'
[2025-01-04 16:52:29] [INFO] Added customer: 'Thomas Young' with parcel ID: 'X507'
[2025-01-04 16:52:29] [INFO] Added customer: 'Tim Smith' with parcel ID: 'X020'
[2025-01-04 16:52:29] [INFO] Added customer: 'Tony Lawson' with parcel ID: 'X086'
[2025-01-04 16:52:29] [INFO] Added customer: 'Ursula Milton' with parcel ID: 'X746'
[2025-01-04 16:52:29] [INFO] Added customer: 'Viola Nicholson' with parcel ID: 'X540'
[2025-01-04 16:52:29] [INFO] Total customers loaded: 30
[2025-01-04 16:52:33] [INFO] Parcel collected: X919, Fee: $9.30
[2025-01-04 16:53:28] [INFO] Initializing parcels...
[2025-01-04 16:53:28] [INFO] Successfully loaded parcel: 'X020'
[2025-01-04 16:53:28] [INFO] Successfully loaded parcel: 'X025'
[2025-01-04 16:53:28] [INFO] Successfully loaded parcel: 'X036'
[2025-01-04 16:53:28] [INFO] Successfully loaded parcel: 'X064'
[2025-01-04 16:53:28] [INFO] Successfully loaded parcel: 'X086'
[2025-01-04 16:53:28] [INFO] Successfully loaded parcel: 'X121'
[2025-01-04 16:53:28] [INFO] Successfully loaded parcel: 'X198'
[2025-01-04 16:53:28] [INFO] Successfully loaded parcel: 'X213'
[2025-01-04 16:53:28] [INFO] Successfully loaded parcel: 'X214'
[2025-01-04 16:53:28] [INFO] Successfully loaded parcel: 'X278'
[2025-01-04 16:53:28] [INFO] Successfully loaded parcel: 'X285'
[2025-01-04 16:53:28] [INFO] Successfully loaded parcel: 'X309'
[2025-01-04 16:53:28] [INFO] Successfully loaded parcel: 'X316'
[2025-01-04 16:53:28] [INFO] Successfully loaded parcel: 'X386'
[2025-01-04 16:53:28] [INFO] Successfully loaded parcel: 'X475'
[2025-01-04 16:53:28] [INFO] Successfully loaded parcel: 'X507'
[2025-01-04 16:53:28] [INFO] Successfully loaded parcel: 'X521'
[2025-01-04 16:53:28] [INFO] Successfully loaded parcel: 'X540'
[2025-01-04 16:53:28] [INFO] Successfully loaded parcel: 'X552'
[2025-01-04 16:53:28] [INFO] Successfully loaded parcel: 'X606'
[2025-01-04 16:53:28] [INFO] Successfully loaded parcel: 'X682'
[2025-01-04 16:53:28] [INFO] Successfully loaded parcel: 'X720'
[2025-01-04 16:53:28] [INFO] Successfully loaded parcel: 'X733'
[2025-01-04 16:53:28] [INFO] Successfully loaded parcel: 'X746'
[2025-01-04 16:53:28] [INFO] Successfully loaded parcel: 'X780'
[2025-01-04 16:53:28] [INFO] Successfully loaded parcel: 'X782'
[2025-01-04 16:53:28] [INFO] Successfully loaded parcel: 'X857'
[2025-01-04 16:53:28] [INFO] Successfully loaded parcel: 'X904'
[2025-01-04 16:53:28] [INFO] Successfully loaded parcel: 'X919'
[2025-01-04 16:53:28] [INFO] Total parcels loaded: 29
[2025-01-04 16:53:28] [INFO] Initializing customers...
[2025-01-04 16:53:28] [INFO] Added customer: 'Andrew Robertson' with parcel ID: 'X919'
[2025-01-04 16:53:28] [INFO] Added customer: 'Ann Jones' with parcel ID: 'X064'
[2025-01-04 16:53:28] [INFO] Added customer: 'Blair Foster' with parcel ID: 'X682'
[2025-01-04 16:53:28] [INFO] Added customer: 'Bob Dawson' with parcel ID: 'X780'
[2025-01-04 16:53:28] [INFO] Added customer: 'Chris Smith' with parcel ID: 'X782'
[2025-01-04 16:53:28] [INFO] Added customer: 'Dave Jackson' with parcel ID: 'X316'
[2025-01-04 16:53:28] [INFO] Added customer: 'David Hunter' with parcel ID: 'X278'
[2025-01-04 16:53:28] [INFO] Added customer: 'Donald Murray' with parcel ID: 'X720'
[2025-01-04 16:53:28] [INFO] Added customer: 'Fiona Thoms' with parcel ID: 'X475'
[2025-01-04 16:53:28] [INFO] Added customer: 'Gillian Hamilton' with parcel ID: 'X386'
[2025-01-04 16:53:28] [INFO] Added customer: 'Harry Johnston' with parcel ID: 'X857'
[2025-01-04 16:53:28] [INFO] Added customer: 'Helen Webster' with parcel ID: 'X309'
[2025-01-04 16:53:28] [INFO] Added customer: 'Jack Houston' with parcel ID: 'X733'
[2025-01-04 16:53:28] [INFO] Added customer: 'Jo Hill' with parcel ID: 'X285'
[2025-01-04 16:53:28] [INFO] Added customer: 'Joe Woods' with parcel ID: 'X213'
[2025-01-04 16:53:28] [INFO] Added customer: 'John Brown' with parcel ID: 'X009'
[2025-01-04 16:53:28] [INFO] Added customer: 'Judy Hilman' with parcel ID: 'X904'
[2025-01-04 16:53:28] [INFO] Added customer: 'Keith Burns' with parcel ID: 'X552'
[2025-01-04 16:53:28] [INFO] Added customer: 'Lily Watson' with parcel ID: 'X121'
[2025-01-04 16:53:28] [INFO] Added customer: 'Lucy Grey' with parcel ID: 'X025'
[2025-01-04 16:53:28] [INFO] Added customer: 'Mary Brown' with parcel ID: 'X198'
[2025-01-04 16:53:28] [INFO] Added customer: 'Pamela Field' with parcel ID: 'X521'
[2025-01-04 16:53:28] [INFO] Added customer: 'Peter White' with parcel ID: 'X036'
[2025-01-04 16:53:28] [INFO] Added customer: 'Robert Murray' with parcel ID: 'X606'
[2025-01-04 16:53:28] [INFO] Added customer: 'Susan Turner' with parcel ID: 'X214'
[2025-01-04 16:53:28] [INFO] Added customer: 'Thomas Young' with parcel ID: 'X507'
[2025-01-04 16:53:28] [INFO] Added customer: 'Tim Smith' with parcel ID: 'X020'
[2025-01-04 16:53:28] [INFO] Added customer: 'Tony Lawson' with parcel ID: 'X086'
[2025-01-04 16:53:28] [INFO] Added customer: 'Ursula Milton' with parcel ID: 'X746'
[2025-01-04 16:53:28] [INFO] Added customer: 'Viola Nicholson' with parcel ID: 'X540'
[2025-01-04 16:53:28] [INFO] Total customers loaded: 30
[2025-01-04 16:54:00] [INFO] Initializing parcels...
[2025-01-04 16:54:00] [INFO] Successfully loaded parcel: 'X020'
[2025-01-04 16:54:00] [INFO] Successfully loaded parcel: 'X025'
[2025-01-04 16:54:00] [INFO] Successfully loaded parcel: 'X036'
[2025-01-04 16:54:00] [INFO] Successfully loaded parcel: 'X064'
[2025-01-04 16:54:00] [INFO] Successfully loaded parcel: 'X086'
[2025-01-04 16:54:00] [INFO] Successfully loaded parcel: 'X121'
[2025-01-04 16:54:00] [INFO] Successfully loaded parcel: 'X198'
[2025-01-04 16:54:00] [INFO] Successfully loaded parcel: 'X213'
[2025-01-04 16:54:00] [INFO] Successfully loaded parcel: 'X214'
[2025-01-04 16:54:00] [INFO] Successfully loaded parcel: 'X278'
[2025-01-04 16:54:00] [INFO] Successfully loaded parcel: 'X285'
[2025-01-04 16:54:00] [INFO] Successfully loaded parcel: 'X309'
[2025-01-04 16:54:00] [INFO] Successfully loaded parcel: 'X316'
[2025-01-04 16:54:00] [INFO] Successfully loaded parcel: 'X386'
[2025-01-04 16:54:00] [INFO] Successfully loaded parcel: 'X475'
[2025-01-04 16:54:00] [INFO] Successfully loaded parcel: 'X507'
[2025-01-04 16:54:00] [INFO] Successfully loaded parcel: 'X521'
[2025-01-04 16:54:00] [INFO] Successfully loaded parcel: 'X540'
[2025-01-04 16:54:00] [INFO] Successfully loaded parcel: 'X552'
[2025-01-04 16:54:00] [INFO] Successfully loaded parcel: 'X606'
[2025-01-04 16:54:00] [INFO] Successfully loaded parcel: 'X682'
[2025-01-04 16:54:00] [INFO] Successfully loaded parcel: 'X720'
[2025-01-04 16:54:00] [INFO] Successfully loaded parcel: 'X733'
[2025-01-04 16:54:00] [INFO] Successfully loaded parcel: 'X746'
[2025-01-04 16:54:00] [INFO] Successfully loaded parcel: 'X780'
[2025-01-04 16:54:00] [INFO] Successfully loaded parcel: 'X782'
[2025-01-04 16:54:00] [INFO] Successfully loaded parcel: 'X857'
[2025-01-04 16:54:00] [INFO] Successfully loaded parcel: 'X904'
[2025-01-04 16:54:00] [INFO] Successfully loaded parcel: 'X919'
[2025-01-04 16:54:00] [INFO] Total parcels loaded: 29
[2025-01-04 16:54:00] [INFO] Initializing customers...
[2025-01-04 16:54:00] [INFO] Added customer: 'Andrew Robertson' with parcel ID: 'X919'
[2025-01-04 16:54:00] [INFO] Added customer: 'Ann Jones' with parcel ID: 'X064'
[2025-01-04 16:54:00] [INFO] Added customer: 'Blair Foster' with parcel ID: 'X682'
[2025-01-04 16:54:00] [INFO] Added customer: 'Bob Dawson' with parcel ID: 'X780'
[2025-01-04 16:54:00] [INFO] Added customer: 'Chris Smith' with parcel ID: 'X782'
[2025-01-04 16:54:00] [INFO] Added customer: 'Dave Jackson' with parcel ID: 'X316'
[2025-01-04 16:54:00] [INFO] Added customer: 'David Hunter' with parcel ID: 'X278'
[2025-01-04 16:54:00] [INFO] Added customer: 'Donald Murray' with parcel ID: 'X720'
[2025-01-04 16:54:00] [INFO] Added customer: 'Fiona Thoms' with parcel ID: 'X475'
[2025-01-04 16:54:00] [INFO] Added customer: 'Gillian Hamilton' with parcel ID: 'X386'
[2025-01-04 16:54:00] [INFO] Added customer: 'Harry Johnston' with parcel ID: 'X857'
[2025-01-04 16:54:00] [INFO] Added customer: 'Helen Webster' with parcel ID: 'X309'
[2025-01-04 16:54:00] [INFO] Added customer: 'Jack Houston' with parcel ID: 'X733'
[2025-01-04 16:54:00] [INFO] Added customer: 'Jo Hill' with parcel ID: 'X285'
[2025-01-04 16:54:00] [INFO] Added customer: 'Joe Woods' with parcel ID: 'X213'
[2025-01-04 16:54:00] [INFO] Added customer: 'John Brown' with parcel ID: 'X009'
[2025-01-04 16:54:00] [INFO] Added customer: 'Judy Hilman' with parcel ID: 'X904'
[2025-01-04 16:54:00] [INFO] Added customer: 'Keith Burns' with parcel ID: 'X552'
[2025-01-04 16:54:00] [INFO] Added customer: 'Lily Watson' with parcel ID: 'X121'
[2025-01-04 16:54:00] [INFO] Added customer: 'Lucy Grey' with parcel ID: 'X025'
[2025-01-04 16:54:00] [INFO] Added customer: 'Mary Brown' with parcel ID: 'X198'
[2025-01-04 16:54:00] [INFO] Added customer: 'Pamela Field' with parcel ID: 'X521'
[2025-01-04 16:54:00] [INFO] Added customer: 'Peter White' with parcel ID: 'X036'
[2025-01-04 16:54:00] [INFO] Added customer: 'Robert Murray' with parcel ID: 'X606'
[2025-01-04 16:54:00] [INFO] Added customer: 'Susan Turner' with parcel ID: 'X214'
[2025-01-04 16:54:00] [INFO] Added customer: 'Thomas Young' with parcel ID: 'X507'
[2025-01-04 16:54:00] [INFO] Added customer: 'Tim Smith' with parcel ID: 'X020'
[2025-01-04 16:54:00] [INFO] Added customer: 'Tony Lawson' with parcel ID: 'X086'
[2025-01-04 16:54:00] [INFO] Added customer: 'Ursula Milton' with parcel ID: 'X746'
[2025-01-04 16:54:00] [INFO] Added customer: 'Viola Nicholson' with parcel ID: 'X540'
[2025-01-04 16:54:00] [INFO] Total customers loaded: 30
[2025-01-04 16:54:03] [INFO] Parcel collected: X919, Fee: $20.00
[2025-01-04 16:54:13] [INFO] Parcel moved to waiting list: X064
[2025-01-04 16:54:31] [INFO] Parcel collected: X682, Fee: $11.00
[2025-01-04 16:59:38] [INFO] Parcel moved to waiting list: X780
[2025-01-04 16:59:47] [INFO] Parcel collected: X782, Fee: $5.00
[2025-01-04 16:59:58] [INFO] Parcel collected: X316, Fee: $11.00
[2025-01-04 17:00:01] [INFO] Parcel collected: X278, Fee: $2.00
[2025-01-04 19:08:37] [INFO] Initializing parcels...
[2025-01-04 19:08:37] [INFO] Successfully loaded parcel: 'X020'
[2025-01-04 19:08:37] [INFO] Successfully loaded parcel: 'X025'
[2025-01-04 19:08:37] [INFO] Successfully loaded parcel: 'X036'
[2025-01-04 19:08:37] [INFO] Successfully loaded parcel: 'X064'
[2025-01-04 19:08:37] [INFO] Successfully loaded parcel: 'X086'
[2025-01-04 19:08:37] [INFO] Successfully loaded parcel: 'X121'
[2025-01-04 19:08:37] [INFO] Successfully loaded parcel: 'X198'
[2025-01-04 19:08:37] [INFO] Successfully loaded parcel: 'X213'
[2025-01-04 19:08:37] [INFO] Successfully loaded parcel: 'X214'
[2025-01-04 19:08:37] [INFO] Successfully loaded parcel: 'X278'
[2025-01-04 19:08:37] [INFO] Successfully loaded parcel: 'X285'
[2025-01-04 19:08:37] [INFO] Successfully loaded parcel: 'X309'
[2025-01-04 19:08:37] [INFO] Successfully loaded parcel: 'X316'
[2025-01-04 19:08:37] [INFO] Successfully loaded parcel: 'X386'
[2025-01-04 19:08:37] [INFO] Successfully loaded parcel: 'X475'
[2025-01-04 19:08:37] [INFO] Successfully loaded parcel: 'X507'
[2025-01-04 19:08:37] [INFO] Successfully loaded parcel: 'X521'
[2025-01-04 19:08:37] [INFO] Successfully loaded parcel: 'X540'
[2025-01-04 19:08:37] [INFO] Successfully loaded parcel: 'X552'
[2025-01-04 19:08:37] [INFO] Successfully loaded parcel: 'X606'
[2025-01-04 19:08:37] [INFO] Successfully loaded parcel: 'X682'
[2025-01-04 19:08:37] [INFO] Successfully loaded parcel: 'X720'
[2025-01-04 19:08:37] [INFO] Successfully loaded parcel: 'X733'
[2025-01-04 19:08:37] [INFO] Successfully loaded parcel: 'X746'
[2025-01-04 19:08:37] [INFO] Successfully loaded parcel: 'X780'
[2025-01-04 19:08:37] [INFO] Successfully loaded parcel: 'X782'
[2025-01-04 19:08:37] [INFO] Successfully loaded parcel: 'X857'
[2025-01-04 19:08:37] [INFO] Successfully loaded parcel: 'X904'
[2025-01-04 19:08:37] [INFO] Successfully loaded parcel: 'X919'
[2025-01-04 19:08:37] [INFO] Total parcels loaded: 29
[2025-01-04 19:08:37] [INFO] Initializing customers...
[2025-01-04 19:08:37] [INFO] Added customer: 'Andrew Robertson' with parcel ID: 'X919'
[2025-01-04 19:08:37] [INFO] Added customer: 'Ann Jones' with parcel ID: 'X064'
[2025-01-04 19:08:37] [INFO] Added customer: 'Blair Foster' with parcel ID: 'X682'
[2025-01-04 19:08:37] [INFO] Added customer: 'Bob Dawson' with parcel ID: 'X780'
[2025-01-04 19:08:37] [INFO] Added customer: 'Chris Smith' with parcel ID: 'X782'
[2025-01-04 19:08:37] [INFO] Added customer: 'Dave Jackson' with parcel ID: 'X316'
[2025-01-04 19:08:37] [INFO] Added customer: 'David Hunter' with parcel ID: 'X278'
[2025-01-04 19:08:37] [INFO] Added customer: 'Donald Murray' with parcel ID: 'X720'
[2025-01-04 19:08:37] [INFO] Added customer: 'Fiona Thoms' with parcel ID: 'X475'
[2025-01-04 19:08:37] [INFO] Added customer: 'Gillian Hamilton' with parcel ID: 'X386'
[2025-01-04 19:08:37] [INFO] Added customer: 'Harry Johnston' with parcel ID: 'X857'
[2025-01-04 19:08:37] [INFO] Added customer: 'Helen Webster' with parcel ID: 'X309'
[2025-01-04 19:08:37] [INFO] Added customer: 'Jack Houston' with parcel ID: 'X733'
[2025-01-04 19:08:37] [INFO] Added customer: 'Jo Hill' with parcel ID: 'X285'
[2025-01-04 19:08:37] [INFO] Added customer: 'Joe Woods' with parcel ID: 'X213'
[2025-01-04 19:08:37] [INFO] Added customer: 'John Brown' with parcel ID: 'X009'
[2025-01-04 19:08:37] [INFO] Added customer: 'Judy Hilman' with parcel ID: 'X904'
[2025-01-04 19:08:37] [INFO] Added customer: 'Keith Burns' with parcel ID: 'X552'
[2025-01-04 19:08:37] [INFO] Added customer: 'Lily Watson' with parcel ID: 'X121'
[2025-01-04 19:08:37] [INFO] Added customer: 'Lucy Grey' with parcel ID: 'X025'
[2025-01-04 19:08:37] [INFO] Added customer: 'Mary Brown' with parcel ID: 'X198'
[2025-01-04 19:08:37] [INFO] Added customer: 'Pamela Field' with parcel ID: 'X521'
[2025-01-04 19:08:37] [INFO] Added customer: 'Peter White' with parcel ID: 'X036'
[2025-01-04 19:08:37] [INFO] Added customer: 'Robert Murray' with parcel ID: 'X606'
[2025-01-04 19:08:37] [INFO] Added customer: 'Susan Turner' with parcel ID: 'X214'
[2025-01-04 19:08:37] [INFO] Added customer: 'Thomas Young' with parcel ID: 'X507'
[2025-01-04 19:08:37] [INFO] Added customer: 'Tim Smith' with parcel ID: 'X020'
[2025-01-04 19:08:37] [INFO] Added customer: 'Tony Lawson' with parcel ID: 'X086'
[2025-01-04 19:08:37] [INFO] Added customer: 'Ursula Milton' with parcel ID: 'X746'
[2025-01-04 19:08:37] [INFO] Added customer: 'Viola Nicholson' with parcel ID: 'X540'
[2025-01-04 19:08:37] [INFO] Total customers loaded: 30
[2025-01-04 19:08:41] [INFO] Parcel collected: X919, Fee: $20.00
